<?xml version="1.0" encoding="UTF-8"?>
<testng-results ignored="0" total="2" passed="2" failed="0" skipped="0">
  <reporter-output>
  </reporter-output>
  <suite started-at="2022-10-09T01:01:14 EET" name="Default suite" finished-at="2022-10-09T01:01:33 EET" duration-ms="19404">
    <groups>
    </groups>
    <test started-at="2022-10-09T01:01:14 EET" name="Default test" finished-at="2022-10-09T01:01:33 EET" duration-ms="19404">
      <class name="Testautomation.Testautomation.Register">
        <test-method is-config="true" signature="open_browser()[pri:0, instance:Testautomation.Testautomation.Register@61d6015a]" started-at="2022-10-09T01:01:15 EET" name="open_browser" finished-at="2022-10-09T01:01:19 EET" duration-ms="4426" status="PASS">
          <reporter-output>
          </reporter-output>
        </test-method> <!-- open_browser -->
        <test-method signature="Registeration(java.lang.String, java.lang.String, java.lang.String, java.lang.String, java.lang.String, java.lang.String, java.lang.String, java.lang.String, java.lang.String, java.lang.String, java.lang.String)[pri:0, instance:Testautomation.Testautomation.Register@61d6015a]" started-at="2022-10-09T01:01:19 EET" name="Registeration" data-provider="test_data" finished-at="2022-10-09T01:01:22 EET" duration-ms="3094" status="PASS">
          <params>
            <param index="0">
              <value>
                <![CDATA[nada]]>
              </value>
            </param>
            <param index="1">
              <value>
                <![CDATA[nawar]]>
              </value>
            </param>
            <param index="2">
              <value>
                <![CDATA[1234567]]>
              </value>
            </param>
            <param index="3">
              <value>
                <![CDATA[nada@gmail.com]]>
              </value>
            </param>
            <param index="4">
              <value>
                <![CDATA[banha-El sahel street]]>
              </value>
            </param>
            <param index="5">
              <value>
                <![CDATA[banha]]>
              </value>
            </param>
            <param index="6">
              <value>
                <![CDATA[qalubia]]>
              </value>
            </param>
            <param index="7">
              <value>
                <![CDATA[11136]]>
              </value>
            </param>
            <param index="8">
              <value>
                <![CDATA[nadanawar]]>
              </value>
            </param>
            <param index="9">
              <value>
                <![CDATA[nada12345]]>
              </value>
            </param>
            <param index="10">
              <value>
                <![CDATA[nada12345]]>
              </value>
            </param>
          </params>
          <reporter-output>
          </reporter-output>
        </test-method> <!-- Registeration -->
        <test-method is-config="true" signature="close_browser()[pri:0, instance:Testautomation.Testautomation.Register@61d6015a]" started-at="2022-10-09T01:01:22 EET" name="close_browser" finished-at="2022-10-09T01:01:22 EET" duration-ms="75" status="PASS">
          <reporter-output>
          </reporter-output>
        </test-method> <!-- close_browser -->
        <test-method is-config="true" signature="open_browser()[pri:0, instance:Testautomation.Testautomation.Register@61d6015a]" started-at="2022-10-09T01:01:22 EET" name="open_browser" finished-at="2022-10-09T01:01:30 EET" duration-ms="7888" status="PASS">
          <reporter-output>
          </reporter-output>
        </test-method> <!-- open_browser -->
        <test-method signature="Registeration(java.lang.String, java.lang.String, java.lang.String, java.lang.String, java.lang.String, java.lang.String, java.lang.String, java.lang.String, java.lang.String, java.lang.String, java.lang.String)[pri:0, instance:Testautomation.Testautomation.Register@61d6015a]" started-at="2022-10-09T01:01:30 EET" name="Registeration" data-provider="test_data" finished-at="2022-10-09T01:01:33 EET" duration-ms="3041" status="PASS">
          <params>
            <param index="0">
              <value>
                <![CDATA[nada1]]>
              </value>
            </param>
            <param index="1">
              <value>
                <![CDATA[nawar1]]>
              </value>
            </param>
            <param index="2">
              <value>
                <![CDATA[9876543]]>
              </value>
            </param>
            <param index="3">
              <value>
                <![CDATA[nada1@gmail.com]]>
              </value>
            </param>
            <param index="4">
              <value>
                <![CDATA[cairo-nasr city]]>
              </value>
            </param>
            <param index="5">
              <value>
                <![CDATA[nasr city]]>
              </value>
            </param>
            <param index="6">
              <value>
                <![CDATA[cairo]]>
              </value>
            </param>
            <param index="7">
              <value>
                <![CDATA[11765]]>
              </value>
            </param>
            <param index="8">
              <value>
                <![CDATA[nadanawar1]]>
              </value>
            </param>
            <param index="9">
              <value>
                <![CDATA[nada123456]]>
              </value>
            </param>
            <param index="10">
              <value>
                <![CDATA[nada123456]]>
              </value>
            </param>
          </params>
          <reporter-output>
          </reporter-output>
        </test-method> <!-- Registeration -->
        <test-method is-config="true" signature="close_browser()[pri:0, instance:Testautomation.Testautomation.Register@61d6015a]" started-at="2022-10-09T01:01:33 EET" name="close_browser" finished-at="2022-10-09T01:01:33 EET" duration-ms="77" status="PASS">
          <reporter-output>
          </reporter-output>
        </test-method> <!-- close_browser -->
      </class> <!-- Testautomation.Testautomation.Register -->
    </test> <!-- Default test -->
  </suite> <!-- Default suite -->
</testng-results>
